Performing C SOURCE FILE Test OpenMP_FLAG_DETECTED failed with the following output:
Change Dir: /Users/Dong/Documents/Grad2b/dart/Xcode/CMakeFiles/CMakeTmp

Run Build Command:"/usr/bin/xcodebuild" "-project" "CMAKE_TRY_COMPILE.xcodeproj" "build" "-target" "cmTC_90acc" "-configuration" "Debug"
=== BUILD TARGET cmTC_90acc OF PROJECT CMAKE_TRY_COMPILE WITH CONFIGURATION Debug ===

Check dependencies

Write auxiliary files
/bin/mkdir -p /Users/Dong/Documents/Grad2b/dart/Xcode/CMakeFiles/CMakeTmp/CMAKE_TRY_COMPILE.build/Debug/cmTC_90acc.build/Objects-normal/x86_64
write-file /Users/Dong/Documents/Grad2b/dart/Xcode/CMakeFiles/CMakeTmp/CMAKE_TRY_COMPILE.build/Debug/cmTC_90acc.build/Objects-normal/x86_64/cmTC_90acc.LinkFileList

CompileC CMAKE_TRY_COMPILE.build/Debug/cmTC_90acc.build/Objects-normal/x86_64/src.o src.c normal x86_64 c com.apple.compilers.llvm.clang.1_0.compiler
    cd /Users/Dong/Documents/Grad2b/dart/Xcode/CMakeFiles/CMakeTmp
    export LANG=en_US.US-ASCII
    /Applications/Xcode.app/Contents/Developer/Toolchains/XcodeDefault.xctoolchain/usr/bin/clang -x c -arch x86_64 -fmessage-length=0 -fdiagnostics-show-note-include-stack -fmacro-backtrace-limit=0 -Wno-trigraphs -fpascal-strings -O0 -Wno-missing-field-initializers -Wno-missing-prototypes -Wno-return-type -Wno-missing-braces -Wparentheses -Wswitch -Wno-unused-function -Wno-unused-label -Wno-unused-parameter -Wno-unused-variable -Wunused-value -Wno-empty-body -Wno-uninitialized -Wno-unknown-pragmas -Wno-shadow -Wno-four-char-constants -Wno-conversion -Wno-constant-conversion -Wno-int-conversion -Wno-bool-conversion -Wno-enum-conversion -Wno-shorten-64-to-32 -Wpointer-sign -Wno-newline-eof -DCMAKE_INTDIR=\"Debug\" -isysroot /Applications/Xcode.app/Contents/Developer/Platforms/MacOSX.platform/Developer/SDKs/MacOSX10.12.sdk -fasm-blocks -fstrict-aliasing -Wdeprecated-declarations -mmacosx-version-min=10.11 -g -Wno-sign-conversion -Wno-infinite-recursion -I/Users/Dong/Documents/Grad2b/dart/Xcode/CMakeFiles/CMakeTmp/Debug/include -I/Users/Dong/Documents/Grad2b/dart/Xcode/CMakeFiles/CMakeTmp/CMAKE_TRY_COMPILE.build/Debug/cmTC_90acc.build/DerivedSources/x86_64 -I/Users/Dong/Documents/Grad2b/dart/Xcode/CMakeFiles/CMakeTmp/CMAKE_TRY_COMPILE.build/Debug/cmTC_90acc.build/DerivedSources -Wmost -Wno-four-char-constants -Wno-unknown-pragmas -F/Users/Dong/Documents/Grad2b/dart/Xcode/CMakeFiles/CMakeTmp/Debug -DOpenMP_FLAG_DETECTED -fopenmp=libomp -MMD -MT dependencies -MF /Users/Dong/Documents/Grad2b/dart/Xcode/CMakeFiles/CMakeTmp/CMAKE_TRY_COMPILE.build/Debug/cmTC_90acc.build/Objects-normal/x86_64/src.d --serialize-diagnostics /Users/Dong/Documents/Grad2b/dart/Xcode/CMakeFiles/CMakeTmp/CMAKE_TRY_COMPILE.build/Debug/cmTC_90acc.build/Objects-normal/x86_64/src.dia -c /Users/Dong/Documents/Grad2b/dart/Xcode/CMakeFiles/CMakeTmp/src.c -o /Users/Dong/Documents/Grad2b/dart/Xcode/CMakeFiles/CMakeTmp/CMAKE_TRY_COMPILE.build/Debug/cmTC_90acc.build/Objects-normal/x86_64/src.o
clang: error: unsupported argument 'libomp' to option 'fopenmp='

** BUILD FAILED **


The following build commands failed:
	CompileC CMAKE_TRY_COMPILE.build/Debug/cmTC_90acc.build/Objects-normal/x86_64/src.o src.c normal x86_64 c com.apple.compilers.llvm.clang.1_0.compiler
(1 failure)

Source file was:

#include <omp.h>
int main() {
#ifdef _OPENMP
  return 0;
#else
  breaks_on_purpose
#endif
}

Performing C SOURCE FILE Test OpenMP_FLAG_DETECTED failed with the following output:
Change Dir: /Users/Dong/Documents/Grad2b/dart/Xcode/CMakeFiles/CMakeTmp

Run Build Command:"/usr/bin/xcodebuild" "-project" "CMAKE_TRY_COMPILE.xcodeproj" "build" "-target" "cmTC_8e168" "-configuration" "Debug"
=== BUILD TARGET cmTC_8e168 OF PROJECT CMAKE_TRY_COMPILE WITH CONFIGURATION Debug ===

Check dependencies

Write auxiliary files
/bin/mkdir -p /Users/Dong/Documents/Grad2b/dart/Xcode/CMakeFiles/CMakeTmp/CMAKE_TRY_COMPILE.build/Debug/cmTC_8e168.build/Objects-normal/x86_64
write-file /Users/Dong/Documents/Grad2b/dart/Xcode/CMakeFiles/CMakeTmp/CMAKE_TRY_COMPILE.build/Debug/cmTC_8e168.build/Objects-normal/x86_64/cmTC_8e168.LinkFileList

CompileC CMAKE_TRY_COMPILE.build/Debug/cmTC_8e168.build/Objects-normal/x86_64/src.o src.c normal x86_64 c com.apple.compilers.llvm.clang.1_0.compiler
    cd /Users/Dong/Documents/Grad2b/dart/Xcode/CMakeFiles/CMakeTmp
    export LANG=en_US.US-ASCII
    /Applications/Xcode.app/Contents/Developer/Toolchains/XcodeDefault.xctoolchain/usr/bin/clang -x c -arch x86_64 -fmessage-length=0 -fdiagnostics-show-note-include-stack -fmacro-backtrace-limit=0 -Wno-trigraphs -fpascal-strings -O0 -Wno-missing-field-initializers -Wno-missing-prototypes -Wno-return-type -Wno-missing-braces -Wparentheses -Wswitch -Wno-unused-function -Wno-unused-label -Wno-unused-parameter -Wno-unused-variable -Wunused-value -Wno-empty-body -Wno-uninitialized -Wno-unknown-pragmas -Wno-shadow -Wno-four-char-constants -Wno-conversion -Wno-constant-conversion -Wno-int-conversion -Wno-bool-conversion -Wno-enum-conversion -Wno-shorten-64-to-32 -Wpointer-sign -Wno-newline-eof -DCMAKE_INTDIR=\"Debug\" -isysroot /Applications/Xcode.app/Contents/Developer/Platforms/MacOSX.platform/Developer/SDKs/MacOSX10.12.sdk -fasm-blocks -fstrict-aliasing -Wdeprecated-declarations -mmacosx-version-min=10.11 -g -Wno-sign-conversion -Wno-infinite-recursion -I/Users/Dong/Documents/Grad2b/dart/Xcode/CMakeFiles/CMakeTmp/Debug/include -I/Users/Dong/Documents/Grad2b/dart/Xcode/CMakeFiles/CMakeTmp/CMAKE_TRY_COMPILE.build/Debug/cmTC_8e168.build/DerivedSources/x86_64 -I/Users/Dong/Documents/Grad2b/dart/Xcode/CMakeFiles/CMakeTmp/CMAKE_TRY_COMPILE.build/Debug/cmTC_8e168.build/DerivedSources -Wmost -Wno-four-char-constants -Wno-unknown-pragmas -F/Users/Dong/Documents/Grad2b/dart/Xcode/CMakeFiles/CMakeTmp/Debug -DOpenMP_FLAG_DETECTED -MMD -MT dependencies -MF /Users/Dong/Documents/Grad2b/dart/Xcode/CMakeFiles/CMakeTmp/CMAKE_TRY_COMPILE.build/Debug/cmTC_8e168.build/Objects-normal/x86_64/src.d --serialize-diagnostics /Users/Dong/Documents/Grad2b/dart/Xcode/CMakeFiles/CMakeTmp/CMAKE_TRY_COMPILE.build/Debug/cmTC_8e168.build/Objects-normal/x86_64/src.dia -c /Users/Dong/Documents/Grad2b/dart/Xcode/CMakeFiles/CMakeTmp/src.c -o /Users/Dong/Documents/Grad2b/dart/Xcode/CMakeFiles/CMakeTmp/CMAKE_TRY_COMPILE.build/Debug/cmTC_8e168.build/Objects-normal/x86_64/src.o
/Users/Dong/Documents/Grad2b/dart/Xcode/CMakeFiles/CMakeTmp/src.c:2:10: fatal error: 'omp.h' file not found
#include <omp.h>
         ^
1 error generated.

** BUILD FAILED **


The following build commands failed:
	CompileC CMAKE_TRY_COMPILE.build/Debug/cmTC_8e168.build/Objects-normal/x86_64/src.o src.c normal x86_64 c com.apple.compilers.llvm.clang.1_0.compiler
(1 failure)

Source file was:

#include <omp.h>
int main() {
#ifdef _OPENMP
  return 0;
#else
  breaks_on_purpose
#endif
}

Performing C SOURCE FILE Test OpenMP_FLAG_DETECTED failed with the following output:
Change Dir: /Users/Dong/Documents/Grad2b/dart/Xcode/CMakeFiles/CMakeTmp

Run Build Command:"/usr/bin/xcodebuild" "-project" "CMAKE_TRY_COMPILE.xcodeproj" "build" "-target" "cmTC_777a8" "-configuration" "Debug"
=== BUILD TARGET cmTC_777a8 OF PROJECT CMAKE_TRY_COMPILE WITH CONFIGURATION Debug ===

Check dependencies

Write auxiliary files
/bin/mkdir -p /Users/Dong/Documents/Grad2b/dart/Xcode/CMakeFiles/CMakeTmp/CMAKE_TRY_COMPILE.build/Debug/cmTC_777a8.build/Objects-normal/x86_64
write-file /Users/Dong/Documents/Grad2b/dart/Xcode/CMakeFiles/CMakeTmp/CMAKE_TRY_COMPILE.build/Debug/cmTC_777a8.build/Objects-normal/x86_64/cmTC_777a8.LinkFileList

CompileC CMAKE_TRY_COMPILE.build/Debug/cmTC_777a8.build/Objects-normal/x86_64/src.o src.c normal x86_64 c com.apple.compilers.llvm.clang.1_0.compiler
    cd /Users/Dong/Documents/Grad2b/dart/Xcode/CMakeFiles/CMakeTmp
    export LANG=en_US.US-ASCII
    /Applications/Xcode.app/Contents/Developer/Toolchains/XcodeDefault.xctoolchain/usr/bin/clang -x c -arch x86_64 -fmessage-length=0 -fdiagnostics-show-note-include-stack -fmacro-backtrace-limit=0 -Wno-trigraphs -fpascal-strings -O0 -Wno-missing-field-initializers -Wno-missing-prototypes -Wno-return-type -Wno-missing-braces -Wparentheses -Wswitch -Wno-unused-function -Wno-unused-label -Wno-unused-parameter -Wno-unused-variable -Wunused-value -Wno-empty-body -Wno-uninitialized -Wno-unknown-pragmas -Wno-shadow -Wno-four-char-constants -Wno-conversion -Wno-constant-conversion -Wno-int-conversion -Wno-bool-conversion -Wno-enum-conversion -Wno-shorten-64-to-32 -Wpointer-sign -Wno-newline-eof -DCMAKE_INTDIR=\"Debug\" -isysroot /Applications/Xcode.app/Contents/Developer/Platforms/MacOSX.platform/Developer/SDKs/MacOSX10.12.sdk -fasm-blocks -fstrict-aliasing -Wdeprecated-declarations -mmacosx-version-min=10.11 -g -Wno-sign-conversion -Wno-infinite-recursion -I/Users/Dong/Documents/Grad2b/dart/Xcode/CMakeFiles/CMakeTmp/Debug/include -I/Users/Dong/Documents/Grad2b/dart/Xcode/CMakeFiles/CMakeTmp/CMAKE_TRY_COMPILE.build/Debug/cmTC_777a8.build/DerivedSources/x86_64 -I/Users/Dong/Documents/Grad2b/dart/Xcode/CMakeFiles/CMakeTmp/CMAKE_TRY_COMPILE.build/Debug/cmTC_777a8.build/DerivedSources -Wmost -Wno-four-char-constants -Wno-unknown-pragmas -F/Users/Dong/Documents/Grad2b/dart/Xcode/CMakeFiles/CMakeTmp/Debug -DOpenMP_FLAG_DETECTED -fopenmp -MMD -MT dependencies -MF /Users/Dong/Documents/Grad2b/dart/Xcode/CMakeFiles/CMakeTmp/CMAKE_TRY_COMPILE.build/Debug/cmTC_777a8.build/Objects-normal/x86_64/src.d --serialize-diagnostics /Users/Dong/Documents/Grad2b/dart/Xcode/CMakeFiles/CMakeTmp/CMAKE_TRY_COMPILE.build/Debug/cmTC_777a8.build/Objects-normal/x86_64/src.dia -c /Users/Dong/Documents/Grad2b/dart/Xcode/CMakeFiles/CMakeTmp/src.c -o /Users/Dong/Documents/Grad2b/dart/Xcode/CMakeFiles/CMakeTmp/CMAKE_TRY_COMPILE.build/Debug/cmTC_777a8.build/Objects-normal/x86_64/src.o
clang: error: unsupported option '-fopenmp'

** BUILD FAILED **


The following build commands failed:
	CompileC CMAKE_TRY_COMPILE.build/Debug/cmTC_777a8.build/Objects-normal/x86_64/src.o src.c normal x86_64 c com.apple.compilers.llvm.clang.1_0.compiler
(1 failure)

Source file was:

#include <omp.h>
int main() {
#ifdef _OPENMP
  return 0;
#else
  breaks_on_purpose
#endif
}

Performing C SOURCE FILE Test OpenMP_FLAG_DETECTED failed with the following output:
Change Dir: /Users/Dong/Documents/Grad2b/dart/Xcode/CMakeFiles/CMakeTmp

Run Build Command:"/usr/bin/xcodebuild" "-project" "CMAKE_TRY_COMPILE.xcodeproj" "build" "-target" "cmTC_0db7d" "-configuration" "Debug"
=== BUILD TARGET cmTC_0db7d OF PROJECT CMAKE_TRY_COMPILE WITH CONFIGURATION Debug ===

Check dependencies

Write auxiliary files
/bin/mkdir -p /Users/Dong/Documents/Grad2b/dart/Xcode/CMakeFiles/CMakeTmp/CMAKE_TRY_COMPILE.build/Debug/cmTC_0db7d.build/Objects-normal/x86_64
write-file /Users/Dong/Documents/Grad2b/dart/Xcode/CMakeFiles/CMakeTmp/CMAKE_TRY_COMPILE.build/Debug/cmTC_0db7d.build/Objects-normal/x86_64/cmTC_0db7d.LinkFileList

CompileC CMAKE_TRY_COMPILE.build/Debug/cmTC_0db7d.build/Objects-normal/x86_64/src.o src.c normal x86_64 c com.apple.compilers.llvm.clang.1_0.compiler
    cd /Users/Dong/Documents/Grad2b/dart/Xcode/CMakeFiles/CMakeTmp
    export LANG=en_US.US-ASCII
    /Applications/Xcode.app/Contents/Developer/Toolchains/XcodeDefault.xctoolchain/usr/bin/clang -x c -arch x86_64 -fmessage-length=0 -fdiagnostics-show-note-include-stack -fmacro-backtrace-limit=0 -Wno-trigraphs -fpascal-strings -O0 -Wno-missing-field-initializers -Wno-missing-prototypes -Wno-return-type -Wno-missing-braces -Wparentheses -Wswitch -Wno-unused-function -Wno-unused-label -Wno-unused-parameter -Wno-unused-variable -Wunused-value -Wno-empty-body -Wno-uninitialized -Wno-unknown-pragmas -Wno-shadow -Wno-four-char-constants -Wno-conversion -Wno-constant-conversion -Wno-int-conversion -Wno-bool-conversion -Wno-enum-conversion -Wno-shorten-64-to-32 -Wpointer-sign -Wno-newline-eof -DCMAKE_INTDIR=\"Debug\" -isysroot /Applications/Xcode.app/Contents/Developer/Platforms/MacOSX.platform/Developer/SDKs/MacOSX10.12.sdk -fasm-blocks -fstrict-aliasing -Wdeprecated-declarations -mmacosx-version-min=10.11 -g -Wno-sign-conversion -Wno-infinite-recursion -I/Users/Dong/Documents/Grad2b/dart/Xcode/CMakeFiles/CMakeTmp/Debug/include -I/Users/Dong/Documents/Grad2b/dart/Xcode/CMakeFiles/CMakeTmp/CMAKE_TRY_COMPILE.build/Debug/cmTC_0db7d.build/DerivedSources/x86_64 -I/Users/Dong/Documents/Grad2b/dart/Xcode/CMakeFiles/CMakeTmp/CMAKE_TRY_COMPILE.build/Debug/cmTC_0db7d.build/DerivedSources -Wmost -Wno-four-char-constants -Wno-unknown-pragmas -F/Users/Dong/Documents/Grad2b/dart/Xcode/CMakeFiles/CMakeTmp/Debug -DOpenMP_FLAG_DETECTED /openmp -MMD -MT dependencies -MF /Users/Dong/Documents/Grad2b/dart/Xcode/CMakeFiles/CMakeTmp/CMAKE_TRY_COMPILE.build/Debug/cmTC_0db7d.build/Objects-normal/x86_64/src.d --serialize-diagnostics /Users/Dong/Documents/Grad2b/dart/Xcode/CMakeFiles/CMakeTmp/CMAKE_TRY_COMPILE.build/Debug/cmTC_0db7d.build/Objects-normal/x86_64/src.dia -c /Users/Dong/Documents/Grad2b/dart/Xcode/CMakeFiles/CMakeTmp/src.c -o /Users/Dong/Documents/Grad2b/dart/Xcode/CMakeFiles/CMakeTmp/CMAKE_TRY_COMPILE.build/Debug/cmTC_0db7d.build/Objects-normal/x86_64/src.o
clang: error: no such file or directory: '/openmp'

** BUILD FAILED **


The following build commands failed:
	CompileC CMAKE_TRY_COMPILE.build/Debug/cmTC_0db7d.build/Objects-normal/x86_64/src.o src.c normal x86_64 c com.apple.compilers.llvm.clang.1_0.compiler
(1 failure)

Source file was:

#include <omp.h>
int main() {
#ifdef _OPENMP
  return 0;
#else
  breaks_on_purpose
#endif
}

Performing C SOURCE FILE Test OpenMP_FLAG_DETECTED failed with the following output:
Change Dir: /Users/Dong/Documents/Grad2b/dart/Xcode/CMakeFiles/CMakeTmp

Run Build Command:"/usr/bin/xcodebuild" "-project" "CMAKE_TRY_COMPILE.xcodeproj" "build" "-target" "cmTC_47335" "-configuration" "Debug"
=== BUILD TARGET cmTC_47335 OF PROJECT CMAKE_TRY_COMPILE WITH CONFIGURATION Debug ===

Check dependencies

Write auxiliary files
/bin/mkdir -p /Users/Dong/Documents/Grad2b/dart/Xcode/CMakeFiles/CMakeTmp/CMAKE_TRY_COMPILE.build/Debug/cmTC_47335.build/Objects-normal/x86_64
write-file /Users/Dong/Documents/Grad2b/dart/Xcode/CMakeFiles/CMakeTmp/CMAKE_TRY_COMPILE.build/Debug/cmTC_47335.build/Objects-normal/x86_64/cmTC_47335.LinkFileList

CompileC CMAKE_TRY_COMPILE.build/Debug/cmTC_47335.build/Objects-normal/x86_64/src.o src.c normal x86_64 c com.apple.compilers.llvm.clang.1_0.compiler
    cd /Users/Dong/Documents/Grad2b/dart/Xcode/CMakeFiles/CMakeTmp
    export LANG=en_US.US-ASCII
    /Applications/Xcode.app/Contents/Developer/Toolchains/XcodeDefault.xctoolchain/usr/bin/clang -x c -arch x86_64 -fmessage-length=0 -fdiagnostics-show-note-include-stack -fmacro-backtrace-limit=0 -Wno-trigraphs -fpascal-strings -O0 -Wno-missing-field-initializers -Wno-missing-prototypes -Wno-return-type -Wno-missing-braces -Wparentheses -Wswitch -Wno-unused-function -Wno-unused-label -Wno-unused-parameter -Wno-unused-variable -Wunused-value -Wno-empty-body -Wno-uninitialized -Wno-unknown-pragmas -Wno-shadow -Wno-four-char-constants -Wno-conversion -Wno-constant-conversion -Wno-int-conversion -Wno-bool-conversion -Wno-enum-conversion -Wno-shorten-64-to-32 -Wpointer-sign -Wno-newline-eof -DCMAKE_INTDIR=\"Debug\" -isysroot /Applications/Xcode.app/Contents/Developer/Platforms/MacOSX.platform/Developer/SDKs/MacOSX10.12.sdk -fasm-blocks -fstrict-aliasing -Wdeprecated-declarations -mmacosx-version-min=10.11 -g -Wno-sign-conversion -Wno-infinite-recursion -I/Users/Dong/Documents/Grad2b/dart/Xcode/CMakeFiles/CMakeTmp/Debug/include -I/Users/Dong/Documents/Grad2b/dart/Xcode/CMakeFiles/CMakeTmp/CMAKE_TRY_COMPILE.build/Debug/cmTC_47335.build/DerivedSources/x86_64 -I/Users/Dong/Documents/Grad2b/dart/Xcode/CMakeFiles/CMakeTmp/CMAKE_TRY_COMPILE.build/Debug/cmTC_47335.build/DerivedSources -Wmost -Wno-four-char-constants -Wno-unknown-pragmas -F/Users/Dong/Documents/Grad2b/dart/Xcode/CMakeFiles/CMakeTmp/Debug -DOpenMP_FLAG_DETECTED -Qopenmp -MMD -MT dependencies -MF /Users/Dong/Documents/Grad2b/dart/Xcode/CMakeFiles/CMakeTmp/CMAKE_TRY_COMPILE.build/Debug/cmTC_47335.build/Objects-normal/x86_64/src.d --serialize-diagnostics /Users/Dong/Documents/Grad2b/dart/Xcode/CMakeFiles/CMakeTmp/CMAKE_TRY_COMPILE.build/Debug/cmTC_47335.build/Objects-normal/x86_64/src.dia -c /Users/Dong/Documents/Grad2b/dart/Xcode/CMakeFiles/CMakeTmp/src.c -o /Users/Dong/Documents/Grad2b/dart/Xcode/CMakeFiles/CMakeTmp/CMAKE_TRY_COMPILE.build/Debug/cmTC_47335.build/Objects-normal/x86_64/src.o
clang: error: unknown argument: '-Qopenmp'

** BUILD FAILED **


The following build commands failed:
	CompileC CMAKE_TRY_COMPILE.build/Debug/cmTC_47335.build/Objects-normal/x86_64/src.o src.c normal x86_64 c com.apple.compilers.llvm.clang.1_0.compiler
(1 failure)

Source file was:

#include <omp.h>
int main() {
#ifdef _OPENMP
  return 0;
#else
  breaks_on_purpose
#endif
}

Performing C SOURCE FILE Test OpenMP_FLAG_DETECTED failed with the following output:
Change Dir: /Users/Dong/Documents/Grad2b/dart/Xcode/CMakeFiles/CMakeTmp

Run Build Command:"/usr/bin/xcodebuild" "-project" "CMAKE_TRY_COMPILE.xcodeproj" "build" "-target" "cmTC_b21be" "-configuration" "Debug"
=== BUILD TARGET cmTC_b21be OF PROJECT CMAKE_TRY_COMPILE WITH CONFIGURATION Debug ===

Check dependencies

Write auxiliary files
/bin/mkdir -p /Users/Dong/Documents/Grad2b/dart/Xcode/CMakeFiles/CMakeTmp/CMAKE_TRY_COMPILE.build/Debug/cmTC_b21be.build/Objects-normal/x86_64
write-file /Users/Dong/Documents/Grad2b/dart/Xcode/CMakeFiles/CMakeTmp/CMAKE_TRY_COMPILE.build/Debug/cmTC_b21be.build/Objects-normal/x86_64/cmTC_b21be.LinkFileList

CompileC CMAKE_TRY_COMPILE.build/Debug/cmTC_b21be.build/Objects-normal/x86_64/src.o src.c normal x86_64 c com.apple.compilers.llvm.clang.1_0.compiler
    cd /Users/Dong/Documents/Grad2b/dart/Xcode/CMakeFiles/CMakeTmp
    export LANG=en_US.US-ASCII
    /Applications/Xcode.app/Contents/Developer/Toolchains/XcodeDefault.xctoolchain/usr/bin/clang -x c -arch x86_64 -fmessage-length=0 -fdiagnostics-show-note-include-stack -fmacro-backtrace-limit=0 -Wno-trigraphs -fpascal-strings -O0 -Wno-missing-field-initializers -Wno-missing-prototypes -Wno-return-type -Wno-missing-braces -Wparentheses -Wswitch -Wno-unused-function -Wno-unused-label -Wno-unused-parameter -Wno-unused-variable -Wunused-value -Wno-empty-body -Wno-uninitialized -Wno-unknown-pragmas -Wno-shadow -Wno-four-char-constants -Wno-conversion -Wno-constant-conversion -Wno-int-conversion -Wno-bool-conversion -Wno-enum-conversion -Wno-shorten-64-to-32 -Wpointer-sign -Wno-newline-eof -DCMAKE_INTDIR=\"Debug\" -isysroot /Applications/Xcode.app/Contents/Developer/Platforms/MacOSX.platform/Developer/SDKs/MacOSX10.12.sdk -fasm-blocks -fstrict-aliasing -Wdeprecated-declarations -mmacosx-version-min=10.11 -g -Wno-sign-conversion -Wno-infinite-recursion -I/Users/Dong/Documents/Grad2b/dart/Xcode/CMakeFiles/CMakeTmp/Debug/include -I/Users/Dong/Documents/Grad2b/dart/Xcode/CMakeFiles/CMakeTmp/CMAKE_TRY_COMPILE.build/Debug/cmTC_b21be.build/DerivedSources/x86_64 -I/Users/Dong/Documents/Grad2b/dart/Xcode/CMakeFiles/CMakeTmp/CMAKE_TRY_COMPILE.build/Debug/cmTC_b21be.build/DerivedSources -Wmost -Wno-four-char-constants -Wno-unknown-pragmas -F/Users/Dong/Documents/Grad2b/dart/Xcode/CMakeFiles/CMakeTmp/Debug -DOpenMP_FLAG_DETECTED -openmp -MMD -MT dependencies -MF /Users/Dong/Documents/Grad2b/dart/Xcode/CMakeFiles/CMakeTmp/CMAKE_TRY_COMPILE.build/Debug/cmTC_b21be.build/Objects-normal/x86_64/src.d --serialize-diagnostics /Users/Dong/Documents/Grad2b/dart/Xcode/CMakeFiles/CMakeTmp/CMAKE_TRY_COMPILE.build/Debug/cmTC_b21be.build/Objects-normal/x86_64/src.dia -c /Users/Dong/Documents/Grad2b/dart/Xcode/CMakeFiles/CMakeTmp/src.c -o /Users/Dong/Documents/Grad2b/dart/Xcode/CMakeFiles/CMakeTmp/CMAKE_TRY_COMPILE.build/Debug/cmTC_b21be.build/Objects-normal/x86_64/src.o
/Users/Dong/Documents/Grad2b/dart/Xcode/CMakeFiles/CMakeTmp/src.c:2:10: fatal error: 'omp.h' file not found
#include <omp.h>
         ^
1 error generated.

** BUILD FAILED **


The following build commands failed:
	CompileC CMAKE_TRY_COMPILE.build/Debug/cmTC_b21be.build/Objects-normal/x86_64/src.o src.c normal x86_64 c com.apple.compilers.llvm.clang.1_0.compiler
(1 failure)

Source file was:

#include <omp.h>
int main() {
#ifdef _OPENMP
  return 0;
#else
  breaks_on_purpose
#endif
}

Performing C SOURCE FILE Test OpenMP_FLAG_DETECTED failed with the following output:
Change Dir: /Users/Dong/Documents/Grad2b/dart/Xcode/CMakeFiles/CMakeTmp

Run Build Command:"/usr/bin/xcodebuild" "-project" "CMAKE_TRY_COMPILE.xcodeproj" "build" "-target" "cmTC_d7683" "-configuration" "Debug"
=== BUILD TARGET cmTC_d7683 OF PROJECT CMAKE_TRY_COMPILE WITH CONFIGURATION Debug ===

Check dependencies

Write auxiliary files
/bin/mkdir -p /Users/Dong/Documents/Grad2b/dart/Xcode/CMakeFiles/CMakeTmp/CMAKE_TRY_COMPILE.build/Debug/cmTC_d7683.build/Objects-normal/x86_64
write-file /Users/Dong/Documents/Grad2b/dart/Xcode/CMakeFiles/CMakeTmp/CMAKE_TRY_COMPILE.build/Debug/cmTC_d7683.build/Objects-normal/x86_64/cmTC_d7683.LinkFileList

CompileC CMAKE_TRY_COMPILE.build/Debug/cmTC_d7683.build/Objects-normal/x86_64/src.o src.c normal x86_64 c com.apple.compilers.llvm.clang.1_0.compiler
    cd /Users/Dong/Documents/Grad2b/dart/Xcode/CMakeFiles/CMakeTmp
    export LANG=en_US.US-ASCII
    /Applications/Xcode.app/Contents/Developer/Toolchains/XcodeDefault.xctoolchain/usr/bin/clang -x c -arch x86_64 -fmessage-length=0 -fdiagnostics-show-note-include-stack -fmacro-backtrace-limit=0 -Wno-trigraphs -fpascal-strings -O0 -Wno-missing-field-initializers -Wno-missing-prototypes -Wno-return-type -Wno-missing-braces -Wparentheses -Wswitch -Wno-unused-function -Wno-unused-label -Wno-unused-parameter -Wno-unused-variable -Wunused-value -Wno-empty-body -Wno-uninitialized -Wno-unknown-pragmas -Wno-shadow -Wno-four-char-constants -Wno-conversion -Wno-constant-conversion -Wno-int-conversion -Wno-bool-conversion -Wno-enum-conversion -Wno-shorten-64-to-32 -Wpointer-sign -Wno-newline-eof -DCMAKE_INTDIR=\"Debug\" -isysroot /Applications/Xcode.app/Contents/Developer/Platforms/MacOSX.platform/Developer/SDKs/MacOSX10.12.sdk -fasm-blocks -fstrict-aliasing -Wdeprecated-declarations -mmacosx-version-min=10.11 -g -Wno-sign-conversion -Wno-infinite-recursion -I/Users/Dong/Documents/Grad2b/dart/Xcode/CMakeFiles/CMakeTmp/Debug/include -I/Users/Dong/Documents/Grad2b/dart/Xcode/CMakeFiles/CMakeTmp/CMAKE_TRY_COMPILE.build/Debug/cmTC_d7683.build/DerivedSources/x86_64 -I/Users/Dong/Documents/Grad2b/dart/Xcode/CMakeFiles/CMakeTmp/CMAKE_TRY_COMPILE.build/Debug/cmTC_d7683.build/DerivedSources -Wmost -Wno-four-char-constants -Wno-unknown-pragmas -F/Users/Dong/Documents/Grad2b/dart/Xcode/CMakeFiles/CMakeTmp/Debug -DOpenMP_FLAG_DETECTED -xopenmp -MMD -MT dependencies -MF /Users/Dong/Documents/Grad2b/dart/Xcode/CMakeFiles/CMakeTmp/CMAKE_TRY_COMPILE.build/Debug/cmTC_d7683.build/Objects-normal/x86_64/src.d --serialize-diagnostics /Users/Dong/Documents/Grad2b/dart/Xcode/CMakeFiles/CMakeTmp/CMAKE_TRY_COMPILE.build/Debug/cmTC_d7683.build/Objects-normal/x86_64/src.dia -c /Users/Dong/Documents/Grad2b/dart/Xcode/CMakeFiles/CMakeTmp/src.c -o /Users/Dong/Documents/Grad2b/dart/Xcode/CMakeFiles/CMakeTmp/CMAKE_TRY_COMPILE.build/Debug/cmTC_d7683.build/Objects-normal/x86_64/src.o
clang: error: language not recognized: 'openmp'
clang: warning: /Users/Dong/Documents/Grad2b/dart/Xcode/CMakeFiles/CMakeTmp/src.c: 'linker' input unused

** BUILD FAILED **


The following build commands failed:
	CompileC CMAKE_TRY_COMPILE.build/Debug/cmTC_d7683.build/Objects-normal/x86_64/src.o src.c normal x86_64 c com.apple.compilers.llvm.clang.1_0.compiler
(1 failure)

Source file was:

#include <omp.h>
int main() {
#ifdef _OPENMP
  return 0;
#else
  breaks_on_purpose
#endif
}

Performing C SOURCE FILE Test OpenMP_FLAG_DETECTED failed with the following output:
Change Dir: /Users/Dong/Documents/Grad2b/dart/Xcode/CMakeFiles/CMakeTmp

Run Build Command:"/usr/bin/xcodebuild" "-project" "CMAKE_TRY_COMPILE.xcodeproj" "build" "-target" "cmTC_1d055" "-configuration" "Debug"
=== BUILD TARGET cmTC_1d055 OF PROJECT CMAKE_TRY_COMPILE WITH CONFIGURATION Debug ===

Check dependencies

Write auxiliary files
/bin/mkdir -p /Users/Dong/Documents/Grad2b/dart/Xcode/CMakeFiles/CMakeTmp/CMAKE_TRY_COMPILE.build/Debug/cmTC_1d055.build/Objects-normal/x86_64
write-file /Users/Dong/Documents/Grad2b/dart/Xcode/CMakeFiles/CMakeTmp/CMAKE_TRY_COMPILE.build/Debug/cmTC_1d055.build/Objects-normal/x86_64/cmTC_1d055.LinkFileList

CompileC CMAKE_TRY_COMPILE.build/Debug/cmTC_1d055.build/Objects-normal/x86_64/src.o src.c normal x86_64 c com.apple.compilers.llvm.clang.1_0.compiler
    cd /Users/Dong/Documents/Grad2b/dart/Xcode/CMakeFiles/CMakeTmp
    export LANG=en_US.US-ASCII
    /Applications/Xcode.app/Contents/Developer/Toolchains/XcodeDefault.xctoolchain/usr/bin/clang -x c -arch x86_64 -fmessage-length=0 -fdiagnostics-show-note-include-stack -fmacro-backtrace-limit=0 -Wno-trigraphs -fpascal-strings -O0 -Wno-missing-field-initializers -Wno-missing-prototypes -Wno-return-type -Wno-missing-braces -Wparentheses -Wswitch -Wno-unused-function -Wno-unused-label -Wno-unused-parameter -Wno-unused-variable -Wunused-value -Wno-empty-body -Wno-uninitialized -Wno-unknown-pragmas -Wno-shadow -Wno-four-char-constants -Wno-conversion -Wno-constant-conversion -Wno-int-conversion -Wno-bool-conversion -Wno-enum-conversion -Wno-shorten-64-to-32 -Wpointer-sign -Wno-newline-eof -DCMAKE_INTDIR=\"Debug\" -isysroot /Applications/Xcode.app/Contents/Developer/Platforms/MacOSX.platform/Developer/SDKs/MacOSX10.12.sdk -fasm-blocks -fstrict-aliasing -Wdeprecated-declarations -mmacosx-version-min=10.11 -g -Wno-sign-conversion -Wno-infinite-recursion -I/Users/Dong/Documents/Grad2b/dart/Xcode/CMakeFiles/CMakeTmp/Debug/include -I/Users/Dong/Documents/Grad2b/dart/Xcode/CMakeFiles/CMakeTmp/CMAKE_TRY_COMPILE.build/Debug/cmTC_1d055.build/DerivedSources/x86_64 -I/Users/Dong/Documents/Grad2b/dart/Xcode/CMakeFiles/CMakeTmp/CMAKE_TRY_COMPILE.build/Debug/cmTC_1d055.build/DerivedSources -Wmost -Wno-four-char-constants -Wno-unknown-pragmas -F/Users/Dong/Documents/Grad2b/dart/Xcode/CMakeFiles/CMakeTmp/Debug -DOpenMP_FLAG_DETECTED +Oopenmp -MMD -MT dependencies -MF /Users/Dong/Documents/Grad2b/dart/Xcode/CMakeFiles/CMakeTmp/CMAKE_TRY_COMPILE.build/Debug/cmTC_1d055.build/Objects-normal/x86_64/src.d --serialize-diagnostics /Users/Dong/Documents/Grad2b/dart/Xcode/CMakeFiles/CMakeTmp/CMAKE_TRY_COMPILE.build/Debug/cmTC_1d055.build/Objects-normal/x86_64/src.dia -c /Users/Dong/Documents/Grad2b/dart/Xcode/CMakeFiles/CMakeTmp/src.c -o /Users/Dong/Documents/Grad2b/dart/Xcode/CMakeFiles/CMakeTmp/CMAKE_TRY_COMPILE.build/Debug/cmTC_1d055.build/Objects-normal/x86_64/src.o
clang: error: no such file or directory: '+Oopenmp'

** BUILD FAILED **


The following build commands failed:
	CompileC CMAKE_TRY_COMPILE.build/Debug/cmTC_1d055.build/Objects-normal/x86_64/src.o src.c normal x86_64 c com.apple.compilers.llvm.clang.1_0.compiler
(1 failure)

Source file was:

#include <omp.h>
int main() {
#ifdef _OPENMP
  return 0;
#else
  breaks_on_purpose
#endif
}

Performing C SOURCE FILE Test OpenMP_FLAG_DETECTED failed with the following output:
Change Dir: /Users/Dong/Documents/Grad2b/dart/Xcode/CMakeFiles/CMakeTmp

Run Build Command:"/usr/bin/xcodebuild" "-project" "CMAKE_TRY_COMPILE.xcodeproj" "build" "-target" "cmTC_fdd39" "-configuration" "Debug"
=== BUILD TARGET cmTC_fdd39 OF PROJECT CMAKE_TRY_COMPILE WITH CONFIGURATION Debug ===

Check dependencies

Write auxiliary files
/bin/mkdir -p /Users/Dong/Documents/Grad2b/dart/Xcode/CMakeFiles/CMakeTmp/CMAKE_TRY_COMPILE.build/Debug/cmTC_fdd39.build/Objects-normal/x86_64
write-file /Users/Dong/Documents/Grad2b/dart/Xcode/CMakeFiles/CMakeTmp/CMAKE_TRY_COMPILE.build/Debug/cmTC_fdd39.build/Objects-normal/x86_64/cmTC_fdd39.LinkFileList

CompileC CMAKE_TRY_COMPILE.build/Debug/cmTC_fdd39.build/Objects-normal/x86_64/src.o src.c normal x86_64 c com.apple.compilers.llvm.clang.1_0.compiler
    cd /Users/Dong/Documents/Grad2b/dart/Xcode/CMakeFiles/CMakeTmp
    export LANG=en_US.US-ASCII
    /Applications/Xcode.app/Contents/Developer/Toolchains/XcodeDefault.xctoolchain/usr/bin/clang -x c -arch x86_64 -fmessage-length=0 -fdiagnostics-show-note-include-stack -fmacro-backtrace-limit=0 -Wno-trigraphs -fpascal-strings -O0 -Wno-missing-field-initializers -Wno-missing-prototypes -Wno-return-type -Wno-missing-braces -Wparentheses -Wswitch -Wno-unused-function -Wno-unused-label -Wno-unused-parameter -Wno-unused-variable -Wunused-value -Wno-empty-body -Wno-uninitialized -Wno-unknown-pragmas -Wno-shadow -Wno-four-char-constants -Wno-conversion -Wno-constant-conversion -Wno-int-conversion -Wno-bool-conversion -Wno-enum-conversion -Wno-shorten-64-to-32 -Wpointer-sign -Wno-newline-eof -DCMAKE_INTDIR=\"Debug\" -isysroot /Applications/Xcode.app/Contents/Developer/Platforms/MacOSX.platform/Developer/SDKs/MacOSX10.12.sdk -fasm-blocks -fstrict-aliasing -Wdeprecated-declarations -mmacosx-version-min=10.11 -g -Wno-sign-conversion -Wno-infinite-recursion -I/Users/Dong/Documents/Grad2b/dart/Xcode/CMakeFiles/CMakeTmp/Debug/include -I/Users/Dong/Documents/Grad2b/dart/Xcode/CMakeFiles/CMakeTmp/CMAKE_TRY_COMPILE.build/Debug/cmTC_fdd39.build/DerivedSources/x86_64 -I/Users/Dong/Documents/Grad2b/dart/Xcode/CMakeFiles/CMakeTmp/CMAKE_TRY_COMPILE.build/Debug/cmTC_fdd39.build/DerivedSources -Wmost -Wno-four-char-constants -Wno-unknown-pragmas -F/Users/Dong/Documents/Grad2b/dart/Xcode/CMakeFiles/CMakeTmp/Debug -DOpenMP_FLAG_DETECTED -qsmp -MMD -MT dependencies -MF /Users/Dong/Documents/Grad2b/dart/Xcode/CMakeFiles/CMakeTmp/CMAKE_TRY_COMPILE.build/Debug/cmTC_fdd39.build/Objects-normal/x86_64/src.d --serialize-diagnostics /Users/Dong/Documents/Grad2b/dart/Xcode/CMakeFiles/CMakeTmp/CMAKE_TRY_COMPILE.build/Debug/cmTC_fdd39.build/Objects-normal/x86_64/src.dia -c /Users/Dong/Documents/Grad2b/dart/Xcode/CMakeFiles/CMakeTmp/src.c -o /Users/Dong/Documents/Grad2b/dart/Xcode/CMakeFiles/CMakeTmp/CMAKE_TRY_COMPILE.build/Debug/cmTC_fdd39.build/Objects-normal/x86_64/src.o
clang: error: unknown argument: '-qsmp'

** BUILD FAILED **


The following build commands failed:
	CompileC CMAKE_TRY_COMPILE.build/Debug/cmTC_fdd39.build/Objects-normal/x86_64/src.o src.c normal x86_64 c com.apple.compilers.llvm.clang.1_0.compiler
(1 failure)

Source file was:

#include <omp.h>
int main() {
#ifdef _OPENMP
  return 0;
#else
  breaks_on_purpose
#endif
}

Performing C SOURCE FILE Test OpenMP_FLAG_DETECTED failed with the following output:
Change Dir: /Users/Dong/Documents/Grad2b/dart/Xcode/CMakeFiles/CMakeTmp

Run Build Command:"/usr/bin/xcodebuild" "-project" "CMAKE_TRY_COMPILE.xcodeproj" "build" "-target" "cmTC_27427" "-configuration" "Debug"
=== BUILD TARGET cmTC_27427 OF PROJECT CMAKE_TRY_COMPILE WITH CONFIGURATION Debug ===

Check dependencies

Write auxiliary files
/bin/mkdir -p /Users/Dong/Documents/Grad2b/dart/Xcode/CMakeFiles/CMakeTmp/CMAKE_TRY_COMPILE.build/Debug/cmTC_27427.build/Objects-normal/x86_64
write-file /Users/Dong/Documents/Grad2b/dart/Xcode/CMakeFiles/CMakeTmp/CMAKE_TRY_COMPILE.build/Debug/cmTC_27427.build/Objects-normal/x86_64/cmTC_27427.LinkFileList

CompileC CMAKE_TRY_COMPILE.build/Debug/cmTC_27427.build/Objects-normal/x86_64/src.o src.c normal x86_64 c com.apple.compilers.llvm.clang.1_0.compiler
    cd /Users/Dong/Documents/Grad2b/dart/Xcode/CMakeFiles/CMakeTmp
    export LANG=en_US.US-ASCII
    /Applications/Xcode.app/Contents/Developer/Toolchains/XcodeDefault.xctoolchain/usr/bin/clang -x c -arch x86_64 -fmessage-length=0 -fdiagnostics-show-note-include-stack -fmacro-backtrace-limit=0 -Wno-trigraphs -fpascal-strings -O0 -Wno-missing-field-initializers -Wno-missing-prototypes -Wno-return-type -Wno-missing-braces -Wparentheses -Wswitch -Wno-unused-function -Wno-unused-label -Wno-unused-parameter -Wno-unused-variable -Wunused-value -Wno-empty-body -Wno-uninitialized -Wno-unknown-pragmas -Wno-shadow -Wno-four-char-constants -Wno-conversion -Wno-constant-conversion -Wno-int-conversion -Wno-bool-conversion -Wno-enum-conversion -Wno-shorten-64-to-32 -Wpointer-sign -Wno-newline-eof -DCMAKE_INTDIR=\"Debug\" -isysroot /Applications/Xcode.app/Contents/Developer/Platforms/MacOSX.platform/Developer/SDKs/MacOSX10.12.sdk -fasm-blocks -fstrict-aliasing -Wdeprecated-declarations -mmacosx-version-min=10.11 -g -Wno-sign-conversion -Wno-infinite-recursion -I/Users/Dong/Documents/Grad2b/dart/Xcode/CMakeFiles/CMakeTmp/Debug/include -I/Users/Dong/Documents/Grad2b/dart/Xcode/CMakeFiles/CMakeTmp/CMAKE_TRY_COMPILE.build/Debug/cmTC_27427.build/DerivedSources/x86_64 -I/Users/Dong/Documents/Grad2b/dart/Xcode/CMakeFiles/CMakeTmp/CMAKE_TRY_COMPILE.build/Debug/cmTC_27427.build/DerivedSources -Wmost -Wno-four-char-constants -Wno-unknown-pragmas -F/Users/Dong/Documents/Grad2b/dart/Xcode/CMakeFiles/CMakeTmp/Debug -DOpenMP_FLAG_DETECTED -mp -MMD -MT dependencies -MF /Users/Dong/Documents/Grad2b/dart/Xcode/CMakeFiles/CMakeTmp/CMAKE_TRY_COMPILE.build/Debug/cmTC_27427.build/Objects-normal/x86_64/src.d --serialize-diagnostics /Users/Dong/Documents/Grad2b/dart/Xcode/CMakeFiles/CMakeTmp/CMAKE_TRY_COMPILE.build/Debug/cmTC_27427.build/Objects-normal/x86_64/src.dia -c /Users/Dong/Documents/Grad2b/dart/Xcode/CMakeFiles/CMakeTmp/src.c -o /Users/Dong/Documents/Grad2b/dart/Xcode/CMakeFiles/CMakeTmp/CMAKE_TRY_COMPILE.build/Debug/cmTC_27427.build/Objects-normal/x86_64/src.o
clang: error: unknown argument: '-mp'

** BUILD FAILED **


The following build commands failed:
	CompileC CMAKE_TRY_COMPILE.build/Debug/cmTC_27427.build/Objects-normal/x86_64/src.o src.c normal x86_64 c com.apple.compilers.llvm.clang.1_0.compiler
(1 failure)

Source file was:

#include <omp.h>
int main() {
#ifdef _OPENMP
  return 0;
#else
  breaks_on_purpose
#endif
}

Performing C++ SOURCE FILE Test OpenMP_FLAG_DETECTED failed with the following output:
Change Dir: /Users/Dong/Documents/Grad2b/dart/Xcode/CMakeFiles/CMakeTmp

Run Build Command:"/usr/bin/xcodebuild" "-project" "CMAKE_TRY_COMPILE.xcodeproj" "build" "-target" "cmTC_0a15f" "-configuration" "Debug"
=== BUILD TARGET cmTC_0a15f OF PROJECT CMAKE_TRY_COMPILE WITH CONFIGURATION Debug ===

Check dependencies

Write auxiliary files
/bin/mkdir -p /Users/Dong/Documents/Grad2b/dart/Xcode/CMakeFiles/CMakeTmp/CMAKE_TRY_COMPILE.build/Debug/cmTC_0a15f.build/Objects-normal/x86_64
write-file /Users/Dong/Documents/Grad2b/dart/Xcode/CMakeFiles/CMakeTmp/CMAKE_TRY_COMPILE.build/Debug/cmTC_0a15f.build/Objects-normal/x86_64/cmTC_0a15f.LinkFileList

CompileC CMAKE_TRY_COMPILE.build/Debug/cmTC_0a15f.build/Objects-normal/x86_64/src.o src.cxx normal x86_64 c++ com.apple.compilers.llvm.clang.1_0.compiler
    cd /Users/Dong/Documents/Grad2b/dart/Xcode/CMakeFiles/CMakeTmp
    export LANG=en_US.US-ASCII
    /Applications/Xcode.app/Contents/Developer/Toolchains/XcodeDefault.xctoolchain/usr/bin/clang -x c++ -arch x86_64 -fmessage-length=0 -fdiagnostics-show-note-include-stack -fmacro-backtrace-limit=0 -Wno-trigraphs -fpascal-strings -O0 -Wno-missing-field-initializers -Wno-missing-prototypes -Wno-return-type -Wno-non-virtual-dtor -Wno-overloaded-virtual -Wno-exit-time-destructors -Wno-missing-braces -Wparentheses -Wswitch -Wno-unused-function -Wno-unused-label -Wno-unused-parameter -Wno-unused-variable -Wunused-value -Wno-empty-body -Wno-uninitialized -Wno-unknown-pragmas -Wno-shadow -Wno-four-char-constants -Wno-conversion -Wno-constant-conversion -Wno-int-conversion -Wno-bool-conversion -Wno-enum-conversion -Wno-shorten-64-to-32 -Wno-newline-eof -Wno-c++11-extensions -DCMAKE_INTDIR=\"Debug\" -isysroot /Applications/Xcode.app/Contents/Developer/Platforms/MacOSX.platform/Developer/SDKs/MacOSX10.12.sdk -fasm-blocks -fstrict-aliasing -Wdeprecated-declarations -Winvalid-offsetof -mmacosx-version-min=10.11 -g -Wno-sign-conversion -Wno-infinite-recursion -Wno-move -I/Users/Dong/Documents/Grad2b/dart/Xcode/CMakeFiles/CMakeTmp/Debug/include -I/Users/Dong/Documents/Grad2b/dart/Xcode/CMakeFiles/CMakeTmp/CMAKE_TRY_COMPILE.build/Debug/cmTC_0a15f.build/DerivedSources/x86_64 -I/Users/Dong/Documents/Grad2b/dart/Xcode/CMakeFiles/CMakeTmp/CMAKE_TRY_COMPILE.build/Debug/cmTC_0a15f.build/DerivedSources -Wmost -Wno-four-char-constants -Wno-unknown-pragmas -F/Users/Dong/Documents/Grad2b/dart/Xcode/CMakeFiles/CMakeTmp/Debug -DOpenMP_FLAG_DETECTED -fopenmp=libomp -MMD -MT dependencies -MF /Users/Dong/Documents/Grad2b/dart/Xcode/CMakeFiles/CMakeTmp/CMAKE_TRY_COMPILE.build/Debug/cmTC_0a15f.build/Objects-normal/x86_64/src.d --serialize-diagnostics /Users/Dong/Documents/Grad2b/dart/Xcode/CMakeFiles/CMakeTmp/CMAKE_TRY_COMPILE.build/Debug/cmTC_0a15f.build/Objects-normal/x86_64/src.dia -c /Users/Dong/Documents/Grad2b/dart/Xcode/CMakeFiles/CMakeTmp/src.cxx -o /Users/Dong/Documents/Grad2b/dart/Xcode/CMakeFiles/CMakeTmp/CMAKE_TRY_COMPILE.build/Debug/cmTC_0a15f.build/Objects-normal/x86_64/src.o
clang: error: unsupported argument 'libomp' to option 'fopenmp='

** BUILD FAILED **


The following build commands failed:
	CompileC CMAKE_TRY_COMPILE.build/Debug/cmTC_0a15f.build/Objects-normal/x86_64/src.o src.cxx normal x86_64 c++ com.apple.compilers.llvm.clang.1_0.compiler
(1 failure)

Source file was:

#include <omp.h>
int main() {
#ifdef _OPENMP
  return 0;
#else
  breaks_on_purpose
#endif
}

Performing C++ SOURCE FILE Test OpenMP_FLAG_DETECTED failed with the following output:
Change Dir: /Users/Dong/Documents/Grad2b/dart/Xcode/CMakeFiles/CMakeTmp

Run Build Command:"/usr/bin/xcodebuild" "-project" "CMAKE_TRY_COMPILE.xcodeproj" "build" "-target" "cmTC_a3c85" "-configuration" "Debug"
=== BUILD TARGET cmTC_a3c85 OF PROJECT CMAKE_TRY_COMPILE WITH CONFIGURATION Debug ===

Check dependencies

Write auxiliary files
/bin/mkdir -p /Users/Dong/Documents/Grad2b/dart/Xcode/CMakeFiles/CMakeTmp/CMAKE_TRY_COMPILE.build/Debug/cmTC_a3c85.build/Objects-normal/x86_64
write-file /Users/Dong/Documents/Grad2b/dart/Xcode/CMakeFiles/CMakeTmp/CMAKE_TRY_COMPILE.build/Debug/cmTC_a3c85.build/Objects-normal/x86_64/cmTC_a3c85.LinkFileList

CompileC CMAKE_TRY_COMPILE.build/Debug/cmTC_a3c85.build/Objects-normal/x86_64/src.o src.cxx normal x86_64 c++ com.apple.compilers.llvm.clang.1_0.compiler
    cd /Users/Dong/Documents/Grad2b/dart/Xcode/CMakeFiles/CMakeTmp
    export LANG=en_US.US-ASCII
    /Applications/Xcode.app/Contents/Developer/Toolchains/XcodeDefault.xctoolchain/usr/bin/clang -x c++ -arch x86_64 -fmessage-length=0 -fdiagnostics-show-note-include-stack -fmacro-backtrace-limit=0 -Wno-trigraphs -fpascal-strings -O0 -Wno-missing-field-initializers -Wno-missing-prototypes -Wno-return-type -Wno-non-virtual-dtor -Wno-overloaded-virtual -Wno-exit-time-destructors -Wno-missing-braces -Wparentheses -Wswitch -Wno-unused-function -Wno-unused-label -Wno-unused-parameter -Wno-unused-variable -Wunused-value -Wno-empty-body -Wno-uninitialized -Wno-unknown-pragmas -Wno-shadow -Wno-four-char-constants -Wno-conversion -Wno-constant-conversion -Wno-int-conversion -Wno-bool-conversion -Wno-enum-conversion -Wno-shorten-64-to-32 -Wno-newline-eof -Wno-c++11-extensions -DCMAKE_INTDIR=\"Debug\" -isysroot /Applications/Xcode.app/Contents/Developer/Platforms/MacOSX.platform/Developer/SDKs/MacOSX10.12.sdk -fasm-blocks -fstrict-aliasing -Wdeprecated-declarations -Winvalid-offsetof -mmacosx-version-min=10.11 -g -Wno-sign-conversion -Wno-infinite-recursion -Wno-move -I/Users/Dong/Documents/Grad2b/dart/Xcode/CMakeFiles/CMakeTmp/Debug/include -I/Users/Dong/Documents/Grad2b/dart/Xcode/CMakeFiles/CMakeTmp/CMAKE_TRY_COMPILE.build/Debug/cmTC_a3c85.build/DerivedSources/x86_64 -I/Users/Dong/Documents/Grad2b/dart/Xcode/CMakeFiles/CMakeTmp/CMAKE_TRY_COMPILE.build/Debug/cmTC_a3c85.build/DerivedSources -Wmost -Wno-four-char-constants -Wno-unknown-pragmas -F/Users/Dong/Documents/Grad2b/dart/Xcode/CMakeFiles/CMakeTmp/Debug -DOpenMP_FLAG_DETECTED -MMD -MT dependencies -MF /Users/Dong/Documents/Grad2b/dart/Xcode/CMakeFiles/CMakeTmp/CMAKE_TRY_COMPILE.build/Debug/cmTC_a3c85.build/Objects-normal/x86_64/src.d --serialize-diagnostics /Users/Dong/Documents/Grad2b/dart/Xcode/CMakeFiles/CMakeTmp/CMAKE_TRY_COMPILE.build/Debug/cmTC_a3c85.build/Objects-normal/x86_64/src.dia -c /Users/Dong/Documents/Grad2b/dart/Xcode/CMakeFiles/CMakeTmp/src.cxx -o /Users/Dong/Documents/Grad2b/dart/Xcode/CMakeFiles/CMakeTmp/CMAKE_TRY_COMPILE.build/Debug/cmTC_a3c85.build/Objects-normal/x86_64/src.o
/Users/Dong/Documents/Grad2b/dart/Xcode/CMakeFiles/CMakeTmp/src.cxx:2:10: fatal error: 'omp.h' file not found
#include <omp.h>
         ^
1 error generated.

** BUILD FAILED **


The following build commands failed:
	CompileC CMAKE_TRY_COMPILE.build/Debug/cmTC_a3c85.build/Objects-normal/x86_64/src.o src.cxx normal x86_64 c++ com.apple.compilers.llvm.clang.1_0.compiler
(1 failure)

Source file was:

#include <omp.h>
int main() {
#ifdef _OPENMP
  return 0;
#else
  breaks_on_purpose
#endif
}

Performing C++ SOURCE FILE Test OpenMP_FLAG_DETECTED failed with the following output:
Change Dir: /Users/Dong/Documents/Grad2b/dart/Xcode/CMakeFiles/CMakeTmp

Run Build Command:"/usr/bin/xcodebuild" "-project" "CMAKE_TRY_COMPILE.xcodeproj" "build" "-target" "cmTC_33b2b" "-configuration" "Debug"
=== BUILD TARGET cmTC_33b2b OF PROJECT CMAKE_TRY_COMPILE WITH CONFIGURATION Debug ===

Check dependencies

Write auxiliary files
/bin/mkdir -p /Users/Dong/Documents/Grad2b/dart/Xcode/CMakeFiles/CMakeTmp/CMAKE_TRY_COMPILE.build/Debug/cmTC_33b2b.build/Objects-normal/x86_64
write-file /Users/Dong/Documents/Grad2b/dart/Xcode/CMakeFiles/CMakeTmp/CMAKE_TRY_COMPILE.build/Debug/cmTC_33b2b.build/Objects-normal/x86_64/cmTC_33b2b.LinkFileList

CompileC CMAKE_TRY_COMPILE.build/Debug/cmTC_33b2b.build/Objects-normal/x86_64/src.o src.cxx normal x86_64 c++ com.apple.compilers.llvm.clang.1_0.compiler
    cd /Users/Dong/Documents/Grad2b/dart/Xcode/CMakeFiles/CMakeTmp
    export LANG=en_US.US-ASCII
    /Applications/Xcode.app/Contents/Developer/Toolchains/XcodeDefault.xctoolchain/usr/bin/clang -x c++ -arch x86_64 -fmessage-length=0 -fdiagnostics-show-note-include-stack -fmacro-backtrace-limit=0 -Wno-trigraphs -fpascal-strings -O0 -Wno-missing-field-initializers -Wno-missing-prototypes -Wno-return-type -Wno-non-virtual-dtor -Wno-overloaded-virtual -Wno-exit-time-destructors -Wno-missing-braces -Wparentheses -Wswitch -Wno-unused-function -Wno-unused-label -Wno-unused-parameter -Wno-unused-variable -Wunused-value -Wno-empty-body -Wno-uninitialized -Wno-unknown-pragmas -Wno-shadow -Wno-four-char-constants -Wno-conversion -Wno-constant-conversion -Wno-int-conversion -Wno-bool-conversion -Wno-enum-conversion -Wno-shorten-64-to-32 -Wno-newline-eof -Wno-c++11-extensions -DCMAKE_INTDIR=\"Debug\" -isysroot /Applications/Xcode.app/Contents/Developer/Platforms/MacOSX.platform/Developer/SDKs/MacOSX10.12.sdk -fasm-blocks -fstrict-aliasing -Wdeprecated-declarations -Winvalid-offsetof -mmacosx-version-min=10.11 -g -Wno-sign-conversion -Wno-infinite-recursion -Wno-move -I/Users/Dong/Documents/Grad2b/dart/Xcode/CMakeFiles/CMakeTmp/Debug/include -I/Users/Dong/Documents/Grad2b/dart/Xcode/CMakeFiles/CMakeTmp/CMAKE_TRY_COMPILE.build/Debug/cmTC_33b2b.build/DerivedSources/x86_64 -I/Users/Dong/Documents/Grad2b/dart/Xcode/CMakeFiles/CMakeTmp/CMAKE_TRY_COMPILE.build/Debug/cmTC_33b2b.build/DerivedSources -Wmost -Wno-four-char-constants -Wno-unknown-pragmas -F/Users/Dong/Documents/Grad2b/dart/Xcode/CMakeFiles/CMakeTmp/Debug -DOpenMP_FLAG_DETECTED -fopenmp -MMD -MT dependencies -MF /Users/Dong/Documents/Grad2b/dart/Xcode/CMakeFiles/CMakeTmp/CMAKE_TRY_COMPILE.build/Debug/cmTC_33b2b.build/Objects-normal/x86_64/src.d --serialize-diagnostics /Users/Dong/Documents/Grad2b/dart/Xcode/CMakeFiles/CMakeTmp/CMAKE_TRY_COMPILE.build/Debug/cmTC_33b2b.build/Objects-normal/x86_64/src.dia -c /Users/Dong/Documents/Grad2b/dart/Xcode/CMakeFiles/CMakeTmp/src.cxx -o /Users/Dong/Documents/Grad2b/dart/Xcode/CMakeFiles/CMakeTmp/CMAKE_TRY_COMPILE.build/Debug/cmTC_33b2b.build/Objects-normal/x86_64/src.o
clang: error: unsupported option '-fopenmp'

** BUILD FAILED **


The following build commands failed:
	CompileC CMAKE_TRY_COMPILE.build/Debug/cmTC_33b2b.build/Objects-normal/x86_64/src.o src.cxx normal x86_64 c++ com.apple.compilers.llvm.clang.1_0.compiler
(1 failure)

Source file was:

#include <omp.h>
int main() {
#ifdef _OPENMP
  return 0;
#else
  breaks_on_purpose
#endif
}

Performing C++ SOURCE FILE Test OpenMP_FLAG_DETECTED failed with the following output:
Change Dir: /Users/Dong/Documents/Grad2b/dart/Xcode/CMakeFiles/CMakeTmp

Run Build Command:"/usr/bin/xcodebuild" "-project" "CMAKE_TRY_COMPILE.xcodeproj" "build" "-target" "cmTC_08e26" "-configuration" "Debug"
=== BUILD TARGET cmTC_08e26 OF PROJECT CMAKE_TRY_COMPILE WITH CONFIGURATION Debug ===

Check dependencies

Write auxiliary files
/bin/mkdir -p /Users/Dong/Documents/Grad2b/dart/Xcode/CMakeFiles/CMakeTmp/CMAKE_TRY_COMPILE.build/Debug/cmTC_08e26.build/Objects-normal/x86_64
write-file /Users/Dong/Documents/Grad2b/dart/Xcode/CMakeFiles/CMakeTmp/CMAKE_TRY_COMPILE.build/Debug/cmTC_08e26.build/Objects-normal/x86_64/cmTC_08e26.LinkFileList

CompileC CMAKE_TRY_COMPILE.build/Debug/cmTC_08e26.build/Objects-normal/x86_64/src.o src.cxx normal x86_64 c++ com.apple.compilers.llvm.clang.1_0.compiler
    cd /Users/Dong/Documents/Grad2b/dart/Xcode/CMakeFiles/CMakeTmp
    export LANG=en_US.US-ASCII
    /Applications/Xcode.app/Contents/Developer/Toolchains/XcodeDefault.xctoolchain/usr/bin/clang -x c++ -arch x86_64 -fmessage-length=0 -fdiagnostics-show-note-include-stack -fmacro-backtrace-limit=0 -Wno-trigraphs -fpascal-strings -O0 -Wno-missing-field-initializers -Wno-missing-prototypes -Wno-return-type -Wno-non-virtual-dtor -Wno-overloaded-virtual -Wno-exit-time-destructors -Wno-missing-braces -Wparentheses -Wswitch -Wno-unused-function -Wno-unused-label -Wno-unused-parameter -Wno-unused-variable -Wunused-value -Wno-empty-body -Wno-uninitialized -Wno-unknown-pragmas -Wno-shadow -Wno-four-char-constants -Wno-conversion -Wno-constant-conversion -Wno-int-conversion -Wno-bool-conversion -Wno-enum-conversion -Wno-shorten-64-to-32 -Wno-newline-eof -Wno-c++11-extensions -DCMAKE_INTDIR=\"Debug\" -isysroot /Applications/Xcode.app/Contents/Developer/Platforms/MacOSX.platform/Developer/SDKs/MacOSX10.12.sdk -fasm-blocks -fstrict-aliasing -Wdeprecated-declarations -Winvalid-offsetof -mmacosx-version-min=10.11 -g -Wno-sign-conversion -Wno-infinite-recursion -Wno-move -I/Users/Dong/Documents/Grad2b/dart/Xcode/CMakeFiles/CMakeTmp/Debug/include -I/Users/Dong/Documents/Grad2b/dart/Xcode/CMakeFiles/CMakeTmp/CMAKE_TRY_COMPILE.build/Debug/cmTC_08e26.build/DerivedSources/x86_64 -I/Users/Dong/Documents/Grad2b/dart/Xcode/CMakeFiles/CMakeTmp/CMAKE_TRY_COMPILE.build/Debug/cmTC_08e26.build/DerivedSources -Wmost -Wno-four-char-constants -Wno-unknown-pragmas -F/Users/Dong/Documents/Grad2b/dart/Xcode/CMakeFiles/CMakeTmp/Debug -DOpenMP_FLAG_DETECTED /openmp -MMD -MT dependencies -MF /Users/Dong/Documents/Grad2b/dart/Xcode/CMakeFiles/CMakeTmp/CMAKE_TRY_COMPILE.build/Debug/cmTC_08e26.build/Objects-normal/x86_64/src.d --serialize-diagnostics /Users/Dong/Documents/Grad2b/dart/Xcode/CMakeFiles/CMakeTmp/CMAKE_TRY_COMPILE.build/Debug/cmTC_08e26.build/Objects-normal/x86_64/src.dia -c /Users/Dong/Documents/Grad2b/dart/Xcode/CMakeFiles/CMakeTmp/src.cxx -o /Users/Dong/Documents/Grad2b/dart/Xcode/CMakeFiles/CMakeTmp/CMAKE_TRY_COMPILE.build/Debug/cmTC_08e26.build/Objects-normal/x86_64/src.o
clang: error: no such file or directory: '/openmp'

** BUILD FAILED **


The following build commands failed:
	CompileC CMAKE_TRY_COMPILE.build/Debug/cmTC_08e26.build/Objects-normal/x86_64/src.o src.cxx normal x86_64 c++ com.apple.compilers.llvm.clang.1_0.compiler
(1 failure)

Source file was:

#include <omp.h>
int main() {
#ifdef _OPENMP
  return 0;
#else
  breaks_on_purpose
#endif
}

Performing C++ SOURCE FILE Test OpenMP_FLAG_DETECTED failed with the following output:
Change Dir: /Users/Dong/Documents/Grad2b/dart/Xcode/CMakeFiles/CMakeTmp

Run Build Command:"/usr/bin/xcodebuild" "-project" "CMAKE_TRY_COMPILE.xcodeproj" "build" "-target" "cmTC_c825c" "-configuration" "Debug"
=== BUILD TARGET cmTC_c825c OF PROJECT CMAKE_TRY_COMPILE WITH CONFIGURATION Debug ===

Check dependencies

Write auxiliary files
/bin/mkdir -p /Users/Dong/Documents/Grad2b/dart/Xcode/CMakeFiles/CMakeTmp/CMAKE_TRY_COMPILE.build/Debug/cmTC_c825c.build/Objects-normal/x86_64
write-file /Users/Dong/Documents/Grad2b/dart/Xcode/CMakeFiles/CMakeTmp/CMAKE_TRY_COMPILE.build/Debug/cmTC_c825c.build/Objects-normal/x86_64/cmTC_c825c.LinkFileList

CompileC CMAKE_TRY_COMPILE.build/Debug/cmTC_c825c.build/Objects-normal/x86_64/src.o src.cxx normal x86_64 c++ com.apple.compilers.llvm.clang.1_0.compiler
    cd /Users/Dong/Documents/Grad2b/dart/Xcode/CMakeFiles/CMakeTmp
    export LANG=en_US.US-ASCII
    /Applications/Xcode.app/Contents/Developer/Toolchains/XcodeDefault.xctoolchain/usr/bin/clang -x c++ -arch x86_64 -fmessage-length=0 -fdiagnostics-show-note-include-stack -fmacro-backtrace-limit=0 -Wno-trigraphs -fpascal-strings -O0 -Wno-missing-field-initializers -Wno-missing-prototypes -Wno-return-type -Wno-non-virtual-dtor -Wno-overloaded-virtual -Wno-exit-time-destructors -Wno-missing-braces -Wparentheses -Wswitch -Wno-unused-function -Wno-unused-label -Wno-unused-parameter -Wno-unused-variable -Wunused-value -Wno-empty-body -Wno-uninitialized -Wno-unknown-pragmas -Wno-shadow -Wno-four-char-constants -Wno-conversion -Wno-constant-conversion -Wno-int-conversion -Wno-bool-conversion -Wno-enum-conversion -Wno-shorten-64-to-32 -Wno-newline-eof -Wno-c++11-extensions -DCMAKE_INTDIR=\"Debug\" -isysroot /Applications/Xcode.app/Contents/Developer/Platforms/MacOSX.platform/Developer/SDKs/MacOSX10.12.sdk -fasm-blocks -fstrict-aliasing -Wdeprecated-declarations -Winvalid-offsetof -mmacosx-version-min=10.11 -g -Wno-sign-conversion -Wno-infinite-recursion -Wno-move -I/Users/Dong/Documents/Grad2b/dart/Xcode/CMakeFiles/CMakeTmp/Debug/include -I/Users/Dong/Documents/Grad2b/dart/Xcode/CMakeFiles/CMakeTmp/CMAKE_TRY_COMPILE.build/Debug/cmTC_c825c.build/DerivedSources/x86_64 -I/Users/Dong/Documents/Grad2b/dart/Xcode/CMakeFiles/CMakeTmp/CMAKE_TRY_COMPILE.build/Debug/cmTC_c825c.build/DerivedSources -Wmost -Wno-four-char-constants -Wno-unknown-pragmas -F/Users/Dong/Documents/Grad2b/dart/Xcode/CMakeFiles/CMakeTmp/Debug -DOpenMP_FLAG_DETECTED -Qopenmp -MMD -MT dependencies -MF /Users/Dong/Documents/Grad2b/dart/Xcode/CMakeFiles/CMakeTmp/CMAKE_TRY_COMPILE.build/Debug/cmTC_c825c.build/Objects-normal/x86_64/src.d --serialize-diagnostics /Users/Dong/Documents/Grad2b/dart/Xcode/CMakeFiles/CMakeTmp/CMAKE_TRY_COMPILE.build/Debug/cmTC_c825c.build/Objects-normal/x86_64/src.dia -c /Users/Dong/Documents/Grad2b/dart/Xcode/CMakeFiles/CMakeTmp/src.cxx -o /Users/Dong/Documents/Grad2b/dart/Xcode/CMakeFiles/CMakeTmp/CMAKE_TRY_COMPILE.build/Debug/cmTC_c825c.build/Objects-normal/x86_64/src.o
clang: error: unknown argument: '-Qopenmp'

** BUILD FAILED **


The following build commands failed:
	CompileC CMAKE_TRY_COMPILE.build/Debug/cmTC_c825c.build/Objects-normal/x86_64/src.o src.cxx normal x86_64 c++ com.apple.compilers.llvm.clang.1_0.compiler
(1 failure)

Source file was:

#include <omp.h>
int main() {
#ifdef _OPENMP
  return 0;
#else
  breaks_on_purpose
#endif
}

Performing C++ SOURCE FILE Test OpenMP_FLAG_DETECTED failed with the following output:
Change Dir: /Users/Dong/Documents/Grad2b/dart/Xcode/CMakeFiles/CMakeTmp

Run Build Command:"/usr/bin/xcodebuild" "-project" "CMAKE_TRY_COMPILE.xcodeproj" "build" "-target" "cmTC_6ff1c" "-configuration" "Debug"
=== BUILD TARGET cmTC_6ff1c OF PROJECT CMAKE_TRY_COMPILE WITH CONFIGURATION Debug ===

Check dependencies

Write auxiliary files
/bin/mkdir -p /Users/Dong/Documents/Grad2b/dart/Xcode/CMakeFiles/CMakeTmp/CMAKE_TRY_COMPILE.build/Debug/cmTC_6ff1c.build/Objects-normal/x86_64
write-file /Users/Dong/Documents/Grad2b/dart/Xcode/CMakeFiles/CMakeTmp/CMAKE_TRY_COMPILE.build/Debug/cmTC_6ff1c.build/Objects-normal/x86_64/cmTC_6ff1c.LinkFileList

CompileC CMAKE_TRY_COMPILE.build/Debug/cmTC_6ff1c.build/Objects-normal/x86_64/src.o src.cxx normal x86_64 c++ com.apple.compilers.llvm.clang.1_0.compiler
    cd /Users/Dong/Documents/Grad2b/dart/Xcode/CMakeFiles/CMakeTmp
    export LANG=en_US.US-ASCII
    /Applications/Xcode.app/Contents/Developer/Toolchains/XcodeDefault.xctoolchain/usr/bin/clang -x c++ -arch x86_64 -fmessage-length=0 -fdiagnostics-show-note-include-stack -fmacro-backtrace-limit=0 -Wno-trigraphs -fpascal-strings -O0 -Wno-missing-field-initializers -Wno-missing-prototypes -Wno-return-type -Wno-non-virtual-dtor -Wno-overloaded-virtual -Wno-exit-time-destructors -Wno-missing-braces -Wparentheses -Wswitch -Wno-unused-function -Wno-unused-label -Wno-unused-parameter -Wno-unused-variable -Wunused-value -Wno-empty-body -Wno-uninitialized -Wno-unknown-pragmas -Wno-shadow -Wno-four-char-constants -Wno-conversion -Wno-constant-conversion -Wno-int-conversion -Wno-bool-conversion -Wno-enum-conversion -Wno-shorten-64-to-32 -Wno-newline-eof -Wno-c++11-extensions -DCMAKE_INTDIR=\"Debug\" -isysroot /Applications/Xcode.app/Contents/Developer/Platforms/MacOSX.platform/Developer/SDKs/MacOSX10.12.sdk -fasm-blocks -fstrict-aliasing -Wdeprecated-declarations -Winvalid-offsetof -mmacosx-version-min=10.11 -g -Wno-sign-conversion -Wno-infinite-recursion -Wno-move -I/Users/Dong/Documents/Grad2b/dart/Xcode/CMakeFiles/CMakeTmp/Debug/include -I/Users/Dong/Documents/Grad2b/dart/Xcode/CMakeFiles/CMakeTmp/CMAKE_TRY_COMPILE.build/Debug/cmTC_6ff1c.build/DerivedSources/x86_64 -I/Users/Dong/Documents/Grad2b/dart/Xcode/CMakeFiles/CMakeTmp/CMAKE_TRY_COMPILE.build/Debug/cmTC_6ff1c.build/DerivedSources -Wmost -Wno-four-char-constants -Wno-unknown-pragmas -F/Users/Dong/Documents/Grad2b/dart/Xcode/CMakeFiles/CMakeTmp/Debug -DOpenMP_FLAG_DETECTED -openmp -MMD -MT dependencies -MF /Users/Dong/Documents/Grad2b/dart/Xcode/CMakeFiles/CMakeTmp/CMAKE_TRY_COMPILE.build/Debug/cmTC_6ff1c.build/Objects-normal/x86_64/src.d --serialize-diagnostics /Users/Dong/Documents/Grad2b/dart/Xcode/CMakeFiles/CMakeTmp/CMAKE_TRY_COMPILE.build/Debug/cmTC_6ff1c.build/Objects-normal/x86_64/src.dia -c /Users/Dong/Documents/Grad2b/dart/Xcode/CMakeFiles/CMakeTmp/src.cxx -o /Users/Dong/Documents/Grad2b/dart/Xcode/CMakeFiles/CMakeTmp/CMAKE_TRY_COMPILE.build/Debug/cmTC_6ff1c.build/Objects-normal/x86_64/src.o
/Users/Dong/Documents/Grad2b/dart/Xcode/CMakeFiles/CMakeTmp/src.cxx:2:10: fatal error: 'omp.h' file not found
#include <omp.h>
         ^
1 error generated.

** BUILD FAILED **


The following build commands failed:
	CompileC CMAKE_TRY_COMPILE.build/Debug/cmTC_6ff1c.build/Objects-normal/x86_64/src.o src.cxx normal x86_64 c++ com.apple.compilers.llvm.clang.1_0.compiler
(1 failure)

Source file was:

#include <omp.h>
int main() {
#ifdef _OPENMP
  return 0;
#else
  breaks_on_purpose
#endif
}

Performing C++ SOURCE FILE Test OpenMP_FLAG_DETECTED failed with the following output:
Change Dir: /Users/Dong/Documents/Grad2b/dart/Xcode/CMakeFiles/CMakeTmp

Run Build Command:"/usr/bin/xcodebuild" "-project" "CMAKE_TRY_COMPILE.xcodeproj" "build" "-target" "cmTC_b1d8a" "-configuration" "Debug"
=== BUILD TARGET cmTC_b1d8a OF PROJECT CMAKE_TRY_COMPILE WITH CONFIGURATION Debug ===

Check dependencies

Write auxiliary files
/bin/mkdir -p /Users/Dong/Documents/Grad2b/dart/Xcode/CMakeFiles/CMakeTmp/CMAKE_TRY_COMPILE.build/Debug/cmTC_b1d8a.build/Objects-normal/x86_64
write-file /Users/Dong/Documents/Grad2b/dart/Xcode/CMakeFiles/CMakeTmp/CMAKE_TRY_COMPILE.build/Debug/cmTC_b1d8a.build/Objects-normal/x86_64/cmTC_b1d8a.LinkFileList

CompileC CMAKE_TRY_COMPILE.build/Debug/cmTC_b1d8a.build/Objects-normal/x86_64/src.o src.cxx normal x86_64 c++ com.apple.compilers.llvm.clang.1_0.compiler
    cd /Users/Dong/Documents/Grad2b/dart/Xcode/CMakeFiles/CMakeTmp
    export LANG=en_US.US-ASCII
    /Applications/Xcode.app/Contents/Developer/Toolchains/XcodeDefault.xctoolchain/usr/bin/clang -x c++ -arch x86_64 -fmessage-length=0 -fdiagnostics-show-note-include-stack -fmacro-backtrace-limit=0 -Wno-trigraphs -fpascal-strings -O0 -Wno-missing-field-initializers -Wno-missing-prototypes -Wno-return-type -Wno-non-virtual-dtor -Wno-overloaded-virtual -Wno-exit-time-destructors -Wno-missing-braces -Wparentheses -Wswitch -Wno-unused-function -Wno-unused-label -Wno-unused-parameter -Wno-unused-variable -Wunused-value -Wno-empty-body -Wno-uninitialized -Wno-unknown-pragmas -Wno-shadow -Wno-four-char-constants -Wno-conversion -Wno-constant-conversion -Wno-int-conversion -Wno-bool-conversion -Wno-enum-conversion -Wno-shorten-64-to-32 -Wno-newline-eof -Wno-c++11-extensions -DCMAKE_INTDIR=\"Debug\" -isysroot /Applications/Xcode.app/Contents/Developer/Platforms/MacOSX.platform/Developer/SDKs/MacOSX10.12.sdk -fasm-blocks -fstrict-aliasing -Wdeprecated-declarations -Winvalid-offsetof -mmacosx-version-min=10.11 -g -Wno-sign-conversion -Wno-infinite-recursion -Wno-move -I/Users/Dong/Documents/Grad2b/dart/Xcode/CMakeFiles/CMakeTmp/Debug/include -I/Users/Dong/Documents/Grad2b/dart/Xcode/CMakeFiles/CMakeTmp/CMAKE_TRY_COMPILE.build/Debug/cmTC_b1d8a.build/DerivedSources/x86_64 -I/Users/Dong/Documents/Grad2b/dart/Xcode/CMakeFiles/CMakeTmp/CMAKE_TRY_COMPILE.build/Debug/cmTC_b1d8a.build/DerivedSources -Wmost -Wno-four-char-constants -Wno-unknown-pragmas -F/Users/Dong/Documents/Grad2b/dart/Xcode/CMakeFiles/CMakeTmp/Debug -DOpenMP_FLAG_DETECTED -xopenmp -MMD -MT dependencies -MF /Users/Dong/Documents/Grad2b/dart/Xcode/CMakeFiles/CMakeTmp/CMAKE_TRY_COMPILE.build/Debug/cmTC_b1d8a.build/Objects-normal/x86_64/src.d --serialize-diagnostics /Users/Dong/Documents/Grad2b/dart/Xcode/CMakeFiles/CMakeTmp/CMAKE_TRY_COMPILE.build/Debug/cmTC_b1d8a.build/Objects-normal/x86_64/src.dia -c /Users/Dong/Documents/Grad2b/dart/Xcode/CMakeFiles/CMakeTmp/src.cxx -o /Users/Dong/Documents/Grad2b/dart/Xcode/CMakeFiles/CMakeTmp/CMAKE_TRY_COMPILE.build/Debug/cmTC_b1d8a.build/Objects-normal/x86_64/src.o
clang: error: language not recognized: 'openmp'
clang: warning: /Users/Dong/Documents/Grad2b/dart/Xcode/CMakeFiles/CMakeTmp/src.cxx: 'linker' input unused

** BUILD FAILED **


The following build commands failed:
	CompileC CMAKE_TRY_COMPILE.build/Debug/cmTC_b1d8a.build/Objects-normal/x86_64/src.o src.cxx normal x86_64 c++ com.apple.compilers.llvm.clang.1_0.compiler
(1 failure)

Source file was:

#include <omp.h>
int main() {
#ifdef _OPENMP
  return 0;
#else
  breaks_on_purpose
#endif
}

Performing C++ SOURCE FILE Test OpenMP_FLAG_DETECTED failed with the following output:
Change Dir: /Users/Dong/Documents/Grad2b/dart/Xcode/CMakeFiles/CMakeTmp

Run Build Command:"/usr/bin/xcodebuild" "-project" "CMAKE_TRY_COMPILE.xcodeproj" "build" "-target" "cmTC_0b3c7" "-configuration" "Debug"
=== BUILD TARGET cmTC_0b3c7 OF PROJECT CMAKE_TRY_COMPILE WITH CONFIGURATION Debug ===

Check dependencies

Write auxiliary files
/bin/mkdir -p /Users/Dong/Documents/Grad2b/dart/Xcode/CMakeFiles/CMakeTmp/CMAKE_TRY_COMPILE.build/Debug/cmTC_0b3c7.build/Objects-normal/x86_64
write-file /Users/Dong/Documents/Grad2b/dart/Xcode/CMakeFiles/CMakeTmp/CMAKE_TRY_COMPILE.build/Debug/cmTC_0b3c7.build/Objects-normal/x86_64/cmTC_0b3c7.LinkFileList

CompileC CMAKE_TRY_COMPILE.build/Debug/cmTC_0b3c7.build/Objects-normal/x86_64/src.o src.cxx normal x86_64 c++ com.apple.compilers.llvm.clang.1_0.compiler
    cd /Users/Dong/Documents/Grad2b/dart/Xcode/CMakeFiles/CMakeTmp
    export LANG=en_US.US-ASCII
    /Applications/Xcode.app/Contents/Developer/Toolchains/XcodeDefault.xctoolchain/usr/bin/clang -x c++ -arch x86_64 -fmessage-length=0 -fdiagnostics-show-note-include-stack -fmacro-backtrace-limit=0 -Wno-trigraphs -fpascal-strings -O0 -Wno-missing-field-initializers -Wno-missing-prototypes -Wno-return-type -Wno-non-virtual-dtor -Wno-overloaded-virtual -Wno-exit-time-destructors -Wno-missing-braces -Wparentheses -Wswitch -Wno-unused-function -Wno-unused-label -Wno-unused-parameter -Wno-unused-variable -Wunused-value -Wno-empty-body -Wno-uninitialized -Wno-unknown-pragmas -Wno-shadow -Wno-four-char-constants -Wno-conversion -Wno-constant-conversion -Wno-int-conversion -Wno-bool-conversion -Wno-enum-conversion -Wno-shorten-64-to-32 -Wno-newline-eof -Wno-c++11-extensions -DCMAKE_INTDIR=\"Debug\" -isysroot /Applications/Xcode.app/Contents/Developer/Platforms/MacOSX.platform/Developer/SDKs/MacOSX10.12.sdk -fasm-blocks -fstrict-aliasing -Wdeprecated-declarations -Winvalid-offsetof -mmacosx-version-min=10.11 -g -Wno-sign-conversion -Wno-infinite-recursion -Wno-move -I/Users/Dong/Documents/Grad2b/dart/Xcode/CMakeFiles/CMakeTmp/Debug/include -I/Users/Dong/Documents/Grad2b/dart/Xcode/CMakeFiles/CMakeTmp/CMAKE_TRY_COMPILE.build/Debug/cmTC_0b3c7.build/DerivedSources/x86_64 -I/Users/Dong/Documents/Grad2b/dart/Xcode/CMakeFiles/CMakeTmp/CMAKE_TRY_COMPILE.build/Debug/cmTC_0b3c7.build/DerivedSources -Wmost -Wno-four-char-constants -Wno-unknown-pragmas -F/Users/Dong/Documents/Grad2b/dart/Xcode/CMakeFiles/CMakeTmp/Debug -DOpenMP_FLAG_DETECTED +Oopenmp -MMD -MT dependencies -MF /Users/Dong/Documents/Grad2b/dart/Xcode/CMakeFiles/CMakeTmp/CMAKE_TRY_COMPILE.build/Debug/cmTC_0b3c7.build/Objects-normal/x86_64/src.d --serialize-diagnostics /Users/Dong/Documents/Grad2b/dart/Xcode/CMakeFiles/CMakeTmp/CMAKE_TRY_COMPILE.build/Debug/cmTC_0b3c7.build/Objects-normal/x86_64/src.dia -c /Users/Dong/Documents/Grad2b/dart/Xcode/CMakeFiles/CMakeTmp/src.cxx -o /Users/Dong/Documents/Grad2b/dart/Xcode/CMakeFiles/CMakeTmp/CMAKE_TRY_COMPILE.build/Debug/cmTC_0b3c7.build/Objects-normal/x86_64/src.o
clang: error: no such file or directory: '+Oopenmp'

** BUILD FAILED **


The following build commands failed:
	CompileC CMAKE_TRY_COMPILE.build/Debug/cmTC_0b3c7.build/Objects-normal/x86_64/src.o src.cxx normal x86_64 c++ com.apple.compilers.llvm.clang.1_0.compiler
(1 failure)

Source file was:

#include <omp.h>
int main() {
#ifdef _OPENMP
  return 0;
#else
  breaks_on_purpose
#endif
}

Performing C++ SOURCE FILE Test OpenMP_FLAG_DETECTED failed with the following output:
Change Dir: /Users/Dong/Documents/Grad2b/dart/Xcode/CMakeFiles/CMakeTmp

Run Build Command:"/usr/bin/xcodebuild" "-project" "CMAKE_TRY_COMPILE.xcodeproj" "build" "-target" "cmTC_1c0ae" "-configuration" "Debug"
=== BUILD TARGET cmTC_1c0ae OF PROJECT CMAKE_TRY_COMPILE WITH CONFIGURATION Debug ===

Check dependencies

Write auxiliary files
/bin/mkdir -p /Users/Dong/Documents/Grad2b/dart/Xcode/CMakeFiles/CMakeTmp/CMAKE_TRY_COMPILE.build/Debug/cmTC_1c0ae.build/Objects-normal/x86_64
write-file /Users/Dong/Documents/Grad2b/dart/Xcode/CMakeFiles/CMakeTmp/CMAKE_TRY_COMPILE.build/Debug/cmTC_1c0ae.build/Objects-normal/x86_64/cmTC_1c0ae.LinkFileList

CompileC CMAKE_TRY_COMPILE.build/Debug/cmTC_1c0ae.build/Objects-normal/x86_64/src.o src.cxx normal x86_64 c++ com.apple.compilers.llvm.clang.1_0.compiler
    cd /Users/Dong/Documents/Grad2b/dart/Xcode/CMakeFiles/CMakeTmp
    export LANG=en_US.US-ASCII
    /Applications/Xcode.app/Contents/Developer/Toolchains/XcodeDefault.xctoolchain/usr/bin/clang -x c++ -arch x86_64 -fmessage-length=0 -fdiagnostics-show-note-include-stack -fmacro-backtrace-limit=0 -Wno-trigraphs -fpascal-strings -O0 -Wno-missing-field-initializers -Wno-missing-prototypes -Wno-return-type -Wno-non-virtual-dtor -Wno-overloaded-virtual -Wno-exit-time-destructors -Wno-missing-braces -Wparentheses -Wswitch -Wno-unused-function -Wno-unused-label -Wno-unused-parameter -Wno-unused-variable -Wunused-value -Wno-empty-body -Wno-uninitialized -Wno-unknown-pragmas -Wno-shadow -Wno-four-char-constants -Wno-conversion -Wno-constant-conversion -Wno-int-conversion -Wno-bool-conversion -Wno-enum-conversion -Wno-shorten-64-to-32 -Wno-newline-eof -Wno-c++11-extensions -DCMAKE_INTDIR=\"Debug\" -isysroot /Applications/Xcode.app/Contents/Developer/Platforms/MacOSX.platform/Developer/SDKs/MacOSX10.12.sdk -fasm-blocks -fstrict-aliasing -Wdeprecated-declarations -Winvalid-offsetof -mmacosx-version-min=10.11 -g -Wno-sign-conversion -Wno-infinite-recursion -Wno-move -I/Users/Dong/Documents/Grad2b/dart/Xcode/CMakeFiles/CMakeTmp/Debug/include -I/Users/Dong/Documents/Grad2b/dart/Xcode/CMakeFiles/CMakeTmp/CMAKE_TRY_COMPILE.build/Debug/cmTC_1c0ae.build/DerivedSources/x86_64 -I/Users/Dong/Documents/Grad2b/dart/Xcode/CMakeFiles/CMakeTmp/CMAKE_TRY_COMPILE.build/Debug/cmTC_1c0ae.build/DerivedSources -Wmost -Wno-four-char-constants -Wno-unknown-pragmas -F/Users/Dong/Documents/Grad2b/dart/Xcode/CMakeFiles/CMakeTmp/Debug -DOpenMP_FLAG_DETECTED -qsmp -MMD -MT dependencies -MF /Users/Dong/Documents/Grad2b/dart/Xcode/CMakeFiles/CMakeTmp/CMAKE_TRY_COMPILE.build/Debug/cmTC_1c0ae.build/Objects-normal/x86_64/src.d --serialize-diagnostics /Users/Dong/Documents/Grad2b/dart/Xcode/CMakeFiles/CMakeTmp/CMAKE_TRY_COMPILE.build/Debug/cmTC_1c0ae.build/Objects-normal/x86_64/src.dia -c /Users/Dong/Documents/Grad2b/dart/Xcode/CMakeFiles/CMakeTmp/src.cxx -o /Users/Dong/Documents/Grad2b/dart/Xcode/CMakeFiles/CMakeTmp/CMAKE_TRY_COMPILE.build/Debug/cmTC_1c0ae.build/Objects-normal/x86_64/src.o
clang: error: unknown argument: '-qsmp'

** BUILD FAILED **


The following build commands failed:
	CompileC CMAKE_TRY_COMPILE.build/Debug/cmTC_1c0ae.build/Objects-normal/x86_64/src.o src.cxx normal x86_64 c++ com.apple.compilers.llvm.clang.1_0.compiler
(1 failure)

Source file was:

#include <omp.h>
int main() {
#ifdef _OPENMP
  return 0;
#else
  breaks_on_purpose
#endif
}

Performing C++ SOURCE FILE Test OpenMP_FLAG_DETECTED failed with the following output:
Change Dir: /Users/Dong/Documents/Grad2b/dart/Xcode/CMakeFiles/CMakeTmp

Run Build Command:"/usr/bin/xcodebuild" "-project" "CMAKE_TRY_COMPILE.xcodeproj" "build" "-target" "cmTC_8f8fd" "-configuration" "Debug"
=== BUILD TARGET cmTC_8f8fd OF PROJECT CMAKE_TRY_COMPILE WITH CONFIGURATION Debug ===

Check dependencies

Write auxiliary files
/bin/mkdir -p /Users/Dong/Documents/Grad2b/dart/Xcode/CMakeFiles/CMakeTmp/CMAKE_TRY_COMPILE.build/Debug/cmTC_8f8fd.build/Objects-normal/x86_64
write-file /Users/Dong/Documents/Grad2b/dart/Xcode/CMakeFiles/CMakeTmp/CMAKE_TRY_COMPILE.build/Debug/cmTC_8f8fd.build/Objects-normal/x86_64/cmTC_8f8fd.LinkFileList

CompileC CMAKE_TRY_COMPILE.build/Debug/cmTC_8f8fd.build/Objects-normal/x86_64/src.o src.cxx normal x86_64 c++ com.apple.compilers.llvm.clang.1_0.compiler
    cd /Users/Dong/Documents/Grad2b/dart/Xcode/CMakeFiles/CMakeTmp
    export LANG=en_US.US-ASCII
    /Applications/Xcode.app/Contents/Developer/Toolchains/XcodeDefault.xctoolchain/usr/bin/clang -x c++ -arch x86_64 -fmessage-length=0 -fdiagnostics-show-note-include-stack -fmacro-backtrace-limit=0 -Wno-trigraphs -fpascal-strings -O0 -Wno-missing-field-initializers -Wno-missing-prototypes -Wno-return-type -Wno-non-virtual-dtor -Wno-overloaded-virtual -Wno-exit-time-destructors -Wno-missing-braces -Wparentheses -Wswitch -Wno-unused-function -Wno-unused-label -Wno-unused-parameter -Wno-unused-variable -Wunused-value -Wno-empty-body -Wno-uninitialized -Wno-unknown-pragmas -Wno-shadow -Wno-four-char-constants -Wno-conversion -Wno-constant-conversion -Wno-int-conversion -Wno-bool-conversion -Wno-enum-conversion -Wno-shorten-64-to-32 -Wno-newline-eof -Wno-c++11-extensions -DCMAKE_INTDIR=\"Debug\" -isysroot /Applications/Xcode.app/Contents/Developer/Platforms/MacOSX.platform/Developer/SDKs/MacOSX10.12.sdk -fasm-blocks -fstrict-aliasing -Wdeprecated-declarations -Winvalid-offsetof -mmacosx-version-min=10.11 -g -Wno-sign-conversion -Wno-infinite-recursion -Wno-move -I/Users/Dong/Documents/Grad2b/dart/Xcode/CMakeFiles/CMakeTmp/Debug/include -I/Users/Dong/Documents/Grad2b/dart/Xcode/CMakeFiles/CMakeTmp/CMAKE_TRY_COMPILE.build/Debug/cmTC_8f8fd.build/DerivedSources/x86_64 -I/Users/Dong/Documents/Grad2b/dart/Xcode/CMakeFiles/CMakeTmp/CMAKE_TRY_COMPILE.build/Debug/cmTC_8f8fd.build/DerivedSources -Wmost -Wno-four-char-constants -Wno-unknown-pragmas -F/Users/Dong/Documents/Grad2b/dart/Xcode/CMakeFiles/CMakeTmp/Debug -DOpenMP_FLAG_DETECTED -mp -MMD -MT dependencies -MF /Users/Dong/Documents/Grad2b/dart/Xcode/CMakeFiles/CMakeTmp/CMAKE_TRY_COMPILE.build/Debug/cmTC_8f8fd.build/Objects-normal/x86_64/src.d --serialize-diagnostics /Users/Dong/Documents/Grad2b/dart/Xcode/CMakeFiles/CMakeTmp/CMAKE_TRY_COMPILE.build/Debug/cmTC_8f8fd.build/Objects-normal/x86_64/src.dia -c /Users/Dong/Documents/Grad2b/dart/Xcode/CMakeFiles/CMakeTmp/src.cxx -o /Users/Dong/Documents/Grad2b/dart/Xcode/CMakeFiles/CMakeTmp/CMAKE_TRY_COMPILE.build/Debug/cmTC_8f8fd.build/Objects-normal/x86_64/src.o
clang: error: unknown argument: '-mp'

** BUILD FAILED **


The following build commands failed:
	CompileC CMAKE_TRY_COMPILE.build/Debug/cmTC_8f8fd.build/Objects-normal/x86_64/src.o src.cxx normal x86_64 c++ com.apple.compilers.llvm.clang.1_0.compiler
(1 failure)

Source file was:

#include <omp.h>
int main() {
#ifdef _OPENMP
  return 0;
#else
  breaks_on_purpose
#endif
}

